                       :-) GROMACS - gmx mdrun, 2024 (-:

Copyright 1991-2024 The GROMACS Authors.
GROMACS is free software; you can redistribute it and/or modify it
under the terms of the GNU Lesser General Public License
as published by the Free Software Foundation; either version 2.1
of the License, or (at your option) any later version.

                         Current GROMACS contributors:
       Mark Abraham           Andrey Alekseenko           Vladimir Basov      
      Cathrine Bergh            Eliane Briand               Ania Brown        
      Mahesh Doijade            Giacomo Fiorin          Stefan Fleischmann    
      Sergey Gorelov         Gilles Gouaillardet            Alan Gray         
     M. Eric Irrgang         Farzaneh Jalalypour            Joe Jordan        
     Carsten Kutzner           Justin A. Lemkul          Magnus Lundborg      
       Pascal Merz              Vedran Miletic            Dmitry Morozov      
       Julien Nabet              Szilard Pall        Andrea Pasquadibisceglie 
    Michele Pellegrino          Hubert Santuz             Roland Schulz       
     Tatiana Shugaeva          Alexey Shvetsov            Philip Turner       
     Alessandra Villa      Sebastian Wingbermuehle  

                         Previous GROMACS contributors:
        Emile Apol             Rossen Apostolov           James Barnett       
        Paul Bauer          Herman J.C. Berendsen          Par Bjelkmar       
      Christian Blau          Viacheslav Bolnykh            Kevin Boyd        
    Aldert van Buuren          Carlo Camilloni           Rudi van Drunen      
      Anton Feenstra           Oliver Fleetwood            Vytas Gapsys       
       Gaurav Garg             Gerrit Groenhof            Bert de Groot       
      Anca Hamuraru           Vincent Hindriksen          Victor Holanda      
     Aleksei Iupinov          Christoph Junghans        Prashanth Kanduri     
   Dimitrios Karkoulis           Peter Kasson             Sebastian Kehl      
     Sebastian Keller             Jiri Kraus               Per Larsson        
      Viveca Lindahl            Erik Marklund           Pieter Meulenhoff     
      Teemu Murtola              Sander Pronk             Michael Shirts      
      Alfons Sijbers            Balint Soproni         David van der Spoel    
      Peter Tieleman            Carsten Uphoff             Jon Vincent        
     Teemu Virolainen         Christian Wennberg           Maarten Wolf       
      Artem Zhmurov       

                  Coordinated by the GROMACS project leaders:
                           Berk Hess and Erik Lindahl

GROMACS:      gmx mdrun, version 2024
Executable:   /home/wasim/programs/gmx-2024/bin/gmx
Data prefix:  /home/wasim/programs/gmx-2024
Working dir:  /home/wasim/Documents/teaching/MolecularDynamics2025/gromacs/LJ
Process ID:   5022
Command line:
  gmx mdrun -v -deffnm nvt -nsteps 100000

GROMACS version:     2024
Precision:           mixed
Memory model:        64 bit
MPI library:         thread_mpi
OpenMP support:      enabled (GMX_OPENMP_MAX_THREADS = 128)
GPU support:         disabled
SIMD instructions:   AVX2_256
CPU FFT library:     fftw-3.3.8-sse2-avx-avx2-avx2_128
GPU FFT library:     none
Multi-GPU FFT:       none
RDTSCP usage:        enabled
TNG support:         enabled
Hwloc support:       disabled
Tracing support:     disabled
C compiler:          /usr/bin/cc GNU 13.2.1
C compiler flags:    -fexcess-precision=fast -funroll-all-loops -mavx2 -mfma -Wno-missing-field-initializers -O3 -DNDEBUG
C++ compiler:        /usr/bin/c++ GNU 13.2.1
C++ compiler flags:  -fexcess-precision=fast -funroll-all-loops -mavx2 -mfma -Wno-missing-field-initializers -Wno-cast-function-type-strict SHELL:-fopenmp -O3 -DNDEBUG
BLAS library:        Internal
LAPACK library:      Internal


Running on 1 node with total 6 cores, 12 processing units
Hardware detected on host bjarne:
  CPU info:
    Vendor: AMD
    Brand:  AMD Ryzen 5 5625U with Radeon Graphics         
    Family: 25   Model: 80   Stepping: 0
    Features: aes amd apic avx avx2 clfsh cmov cx8 cx16 f16c fma htt lahf misalignsse mmx msr nonstop_tsc pclmuldq pdpe1gb popcnt pse rdrnd rdtscp sha sse2 sse3 sse4a sse4.1 sse4.2 ssse3
  Hardware topology: Basic
    Packages, cores, and logical processors:
    [indices refer to OS logical processors]
      Package  0: [   0   1] [   2   3] [   4   5] [   6   7] [   8   9] [  10  11]
    CPU limit set by OS: -1   Recommended max number of threads: 12


++++ PLEASE READ AND CITE THE FOLLOWING REFERENCE ++++
M. J. Abraham, T. Murtola, R. Schulz, S. Páll, J. C. Smith, B. Hess, E.
Lindahl
GROMACS: High performance molecular simulations through multi-level
parallelism from laptops to supercomputers
SoftwareX 1 (2015) pp. 19-25
-------- -------- --- Thank You --- -------- --------


++++ PLEASE READ AND CITE THE FOLLOWING REFERENCE ++++
S. Páll, M. J. Abraham, C. Kutzner, B. Hess, E. Lindahl
Tackling Exascale Software Challenges in Molecular Dynamics Simulations with
GROMACS
In S. Markidis & E. Laure (Eds.), Solving Software Challenges for Exascale 8759 (2015) pp. 3-27
-------- -------- --- Thank You --- -------- --------


++++ PLEASE READ AND CITE THE FOLLOWING REFERENCE ++++
S. Pronk, S. Páll, R. Schulz, P. Larsson, P. Bjelkmar, R. Apostolov, M. R.
Shirts, J. C. Smith, P. M. Kasson, D. van der Spoel, B. Hess, and E. Lindahl
GROMACS 4.5: a high-throughput and highly parallel open source molecular
simulation toolkit
Bioinformatics 29 (2013) pp. 845-54
-------- -------- --- Thank You --- -------- --------


++++ PLEASE READ AND CITE THE FOLLOWING REFERENCE ++++
B. Hess and C. Kutzner and D. van der Spoel and E. Lindahl
GROMACS 4: Algorithms for highly efficient, load-balanced, and scalable
molecular simulation
J. Chem. Theory Comput. 4 (2008) pp. 435-447
-------- -------- --- Thank You --- -------- --------


++++ PLEASE READ AND CITE THE FOLLOWING REFERENCE ++++
D. van der Spoel, E. Lindahl, B. Hess, G. Groenhof, A. E. Mark and H. J. C.
Berendsen
GROMACS: Fast, Flexible and Free
J. Comp. Chem. 26 (2005) pp. 1701-1719
-------- -------- --- Thank You --- -------- --------


++++ PLEASE READ AND CITE THE FOLLOWING REFERENCE ++++
E. Lindahl and B. Hess and D. van der Spoel
GROMACS 3.0: A package for molecular simulation and trajectory analysis
J. Mol. Mod. 7 (2001) pp. 306-317
-------- -------- --- Thank You --- -------- --------


++++ PLEASE READ AND CITE THE FOLLOWING REFERENCE ++++
H. J. C. Berendsen, D. van der Spoel and R. van Drunen
GROMACS: A message-passing parallel molecular dynamics implementation
Comp. Phys. Comm. 91 (1995) pp. 43-56
-------- -------- --- Thank You --- -------- --------


++++ PLEASE CITE THE DOI FOR THIS VERSION OF GROMACS ++++
https://doi.org/10.5281/zenodo.10589643
-------- -------- --- Thank You --- -------- --------

Input Parameters:
   integrator                     = md
   tinit                          = 0
   dt                             = 0.001
   nsteps                         = 500000
   init-step                      = 0
   simulation-part                = 1
   mts                            = false
   mass-repartition-factor        = 1
   comm-mode                      = Linear
   nstcomm                        = 1
   bd-fric                        = 0
   ld-seed                        = -2216257
   emtol                          = 10
   emstep                         = 0.01
   niter                          = 20
   fcstep                         = 0
   nstcgsteep                     = 1000
   nbfgscorr                      = 10
   rtpi                           = 0.05
   nstxout                        = 1000
   nstvout                        = 1000
   nstfout                        = 0
   nstlog                         = 1000
   nstcalcenergy                  = 0
   nstenergy                      = 1000
   nstxout-compressed             = 0
   compressed-x-precision         = 1000
   cutoff-scheme                  = Verlet
   nstlist                        = 20
   pbc                            = xyz
   periodic-molecules             = false
   verlet-buffer-tolerance        = 0.005
   verlet-buffer-pressure-tolerance = 0.5
   rlist                          = 2.601
   coulombtype                    = Cut-off
   coulomb-modifier               = Potential-shift
   rcoulomb-switch                = 0
   rcoulomb                       = 2.5
   epsilon-r                      = 1
   epsilon-rf                     = inf
   vdw-type                       = Cut-off
   vdw-modifier                   = Force-switch
   rvdw-switch                    = 2
   rvdw                           = 2.5
   DispCorr                       = No
   table-extension                = 1
   fourierspacing                 = 0.12
   fourier-nx                     = 0
   fourier-ny                     = 0
   fourier-nz                     = 0
   pme-order                      = 4
   ewald-rtol                     = 1e-05
   ewald-rtol-lj                  = 0.001
   lj-pme-comb-rule               = Geometric
   ewald-geometry                 = 3d
   epsilon-surface                = 0
   ensemble-temperature-setting   = constant
   ensemble-temperature           = 87.36
   tcoupl                         = V-rescale
   nsttcouple                     = 100
   nh-chain-length                = 0
   print-nose-hoover-chain-variables = false
   pcoupl                         = No
   refcoord-scaling               = No
   posres-com (3):
      posres-com[0]= 0.00000e+00
      posres-com[1]= 0.00000e+00
      posres-com[2]= 0.00000e+00
   posres-comB (3):
      posres-comB[0]= 0.00000e+00
      posres-comB[1]= 0.00000e+00
      posres-comB[2]= 0.00000e+00
   QMMM                           = false
qm-opts:
   ngQM                           = 0
   constraint-algorithm           = Lincs
   continuation                   = false
   Shake-SOR                      = false
   shake-tol                      = 0.0001
   lincs-order                    = 4
   lincs-iter                     = 1
   lincs-warnangle                = 30
   nwall                          = 0
   wall-type                      = 9-3
   wall-r-linpot                  = -1
   wall-atomtype[0]               = -1
   wall-atomtype[1]               = -1
   wall-density[0]                = 0
   wall-density[1]                = 0
   wall-ewald-zfac                = 3
   pull                           = false
   awh                            = false
   rotation                       = false
   interactiveMD                  = false
   disre                          = No
   disre-weighting                = Conservative
   disre-mixed                    = false
   dr-fc                          = 1000
   dr-tau                         = 0
   nstdisreout                    = 100
   orire-fc                       = 0
   orire-tau                      = 0
   nstorireout                    = 100
   free-energy                    = no
   cos-acceleration               = 0
   deform (3x3):
      deform[    0]={ 0.00000e+00,  0.00000e+00,  0.00000e+00}
      deform[    1]={ 0.00000e+00,  0.00000e+00,  0.00000e+00}
      deform[    2]={ 0.00000e+00,  0.00000e+00,  0.00000e+00}
   simulated-tempering            = false
   swapcoords                     = no
   userint1                       = 0
   userint2                       = 0
   userint3                       = 0
   userint4                       = 0
   userreal1                      = 0
   userreal2                      = 0
   userreal3                      = 0
   userreal4                      = 0
   applied-forces:
     electric-field:
       x:
         E0                       = 0
         omega                    = 0
         t0                       = 0
         sigma                    = 0
       y:
         E0                       = 0
         omega                    = 0
         t0                       = 0
         sigma                    = 0
       z:
         E0                       = 0
         omega                    = 0
         t0                       = 0
         sigma                    = 0
     density-guided-simulation:
       active                     = false
       group                      = protein
       similarity-measure         = inner-product
       atom-spreading-weight      = unity
       force-constant             = 1e+09
       gaussian-transform-spreading-width = 0.2
       gaussian-transform-spreading-range-in-multiples-of-width = 4
       reference-density-filename = reference.mrc
       nst                        = 1
       normalize-densities        = true
       adaptive-force-scaling     = false
       adaptive-force-scaling-time-constant = 4
       shift-vector               = 
       transformation-matrix      = 
     qmmm-cp2k:
       active                     = false
       qmgroup                    = System
       qmmethod                   = PBE
       qmfilenames                = 
       qmcharge                   = 0
       qmmultiplicity             = 1
     colvars:
       active                     = false
       configfile                 = 
       seed                       = -1
grpopts:
   nrdf:         645
   ref-t:       87.36
   tau-t:           1
annealing:          No
annealing-npoints:           0
   acc:	           0           0           0
   nfreeze:           N           N           N
   energygrp-flags[  0]: 0

The -nsteps functionality is deprecated, and may be removed in a future version. Consider using gmx convert-tpr -nsteps or changing the appropriate .mdp file field.

Overriding nsteps with value passed on the command line: 100000 steps, 100 ps
Changing nstlist from 20 to 50, rlist from 2.601 to 2.792


When checking whether update groups are usable:
  Domain decomposition is not active, so there is no need for update groups
  No constraints or virtual sites are in use, so it is best not to use update groups
Using 1 MPI thread
Using 12 OpenMP threads 

System total charge: 0.000
Potential shift: LJ r^-12: -4.563e-05 r^-6: -7.127e-03, Coulomb -4e-01


Using SIMD4xM 4x8 nonbonded short-range kernels

Using a dual 4x8 pair-list setup updated with dynamic pruning:
  outer list: updated every 50 steps, buffer 0.292 nm, rlist 2.792 nm
  inner list: updated every 10 steps, buffer 0.043 nm, rlist 2.543 nm
At tolerance 0.005 kJ/mol/ps per atom, equivalent classical 1x1 list would be:
  outer list: updated every 50 steps, buffer 0.313 nm, rlist 2.813 nm
  inner list: updated every 10 steps, buffer 0.047 nm, rlist 2.547 nm

The average pressure is off by at most 0.20 bar due to missing LJ interactions
Removing pbc first time

Pinning threads with an auto-selected logical cpu stride of 1

++++ PLEASE READ AND CITE THE FOLLOWING REFERENCE ++++
G. Bussi, D. Donadio and M. Parrinello
Canonical sampling through velocity rescaling
J. Chem. Phys. 126 (2007) pp. 014101
-------- -------- --- Thank You --- -------- --------

There are: 216 Atoms
Center of mass motion removal mode is Linear
We have the following groups for center of mass motion removal:
  0:  rest
Initial temperature: 87.5821 K

Started mdrun on rank 0 Wed Feb 12 15:15:38 2025

           Step           Time
              0        0.00000

   Energies (kJ/mol)
        LJ (SR)   Coulomb (SR)      Potential    Kinetic En.   Total Energy
   -1.18183e+03    0.00000e+00   -1.18183e+03    2.34841e+02   -9.46985e+02
  Conserved En.    Temperature Pressure (bar)
   -9.46985e+02    8.75811e+01   -2.26205e+01

           Step           Time
           1000        1.00000

   Energies (kJ/mol)
        LJ (SR)   Coulomb (SR)      Potential    Kinetic En.   Total Energy
   -1.08197e+03    0.00000e+00   -1.08197e+03    2.03162e+02   -8.78811e+02
  Conserved En.    Temperature Pressure (bar)
   -9.46953e+02    7.57669e+01    9.97545e+00

           Step           Time
           2000        2.00000

   Energies (kJ/mol)
        LJ (SR)   Coulomb (SR)      Potential    Kinetic En.   Total Energy
   -1.09348e+03    0.00000e+00   -1.09348e+03    2.04485e+02   -8.88995e+02
  Conserved En.    Temperature Pressure (bar)
   -9.46957e+02    7.62601e+01    5.72194e+00

           Step           Time
           3000        3.00000

   Energies (kJ/mol)
        LJ (SR)   Coulomb (SR)      Potential    Kinetic En.   Total Energy
   -1.08396e+03    0.00000e+00   -1.08396e+03    2.13649e+02   -8.70309e+02
  Conserved En.    Temperature Pressure (bar)
   -9.46958e+02    7.96778e+01    8.84436e+00

           Step           Time
           4000        4.00000

   Energies (kJ/mol)
        LJ (SR)   Coulomb (SR)      Potential    Kinetic En.   Total Energy
   -1.06455e+03    0.00000e+00   -1.06455e+03    2.12286e+02   -8.52263e+02
  Conserved En.    Temperature Pressure (bar)
   -9.46944e+02    7.91695e+01    1.53861e+01

           Step           Time
           5000        5.00000

   Energies (kJ/mol)
        LJ (SR)   Coulomb (SR)      Potential    Kinetic En.   Total Energy
   -1.08438e+03    0.00000e+00   -1.08438e+03    2.32201e+02   -8.52180e+02
  Conserved En.    Temperature Pressure (bar)
   -9.46956e+02    8.65965e+01    8.52227e+00

           Step           Time
           6000        6.00000

   Energies (kJ/mol)
        LJ (SR)   Coulomb (SR)      Potential    Kinetic En.   Total Energy
   -1.06348e+03    0.00000e+00   -1.06348e+03    2.34410e+02   -8.29068e+02
  Conserved En.    Temperature Pressure (bar)
   -9.46948e+02    8.74204e+01    1.74897e+01

           Step           Time
           7000        7.00000

   Energies (kJ/mol)
        LJ (SR)   Coulomb (SR)      Potential    Kinetic En.   Total Energy
   -1.05531e+03    0.00000e+00   -1.05531e+03    2.20687e+02   -8.34621e+02
  Conserved En.    Temperature Pressure (bar)
   -9.46948e+02    8.23025e+01    2.09479e+01

           Step           Time
           8000        8.00000

   Energies (kJ/mol)
        LJ (SR)   Coulomb (SR)      Potential    Kinetic En.   Total Energy
   -1.07786e+03    0.00000e+00   -1.07786e+03    2.45675e+02   -8.32189e+02
  Conserved En.    Temperature Pressure (bar)
   -9.46950e+02    9.16213e+01    1.17965e+01

           Step           Time
           9000        9.00000

   Energies (kJ/mol)
        LJ (SR)   Coulomb (SR)      Potential    Kinetic En.   Total Energy
   -1.06967e+03    0.00000e+00   -1.06967e+03    2.19309e+02   -8.50359e+02
  Conserved En.    Temperature Pressure (bar)
   -9.46945e+02    8.17885e+01    1.61581e+01

           Step           Time
          10000       10.00000

   Energies (kJ/mol)
        LJ (SR)   Coulomb (SR)      Potential    Kinetic En.   Total Energy
   -1.05021e+03    0.00000e+00   -1.05021e+03    2.10224e+02   -8.39986e+02
  Conserved En.    Temperature Pressure (bar)
   -9.46941e+02    7.84003e+01    2.24456e+01

           Step           Time
          11000       11.00000

   Energies (kJ/mol)
        LJ (SR)   Coulomb (SR)      Potential    Kinetic En.   Total Energy
   -1.07372e+03    0.00000e+00   -1.07372e+03    2.46194e+02   -8.27522e+02
  Conserved En.    Temperature Pressure (bar)
   -9.46947e+02    9.18150e+01    1.49510e+01

           Step           Time
          12000       12.00000

   Energies (kJ/mol)
        LJ (SR)   Coulomb (SR)      Potential    Kinetic En.   Total Energy
   -1.04547e+03    0.00000e+00   -1.04547e+03    2.22052e+02   -8.23415e+02
  Conserved En.    Temperature Pressure (bar)
   -9.46944e+02    8.28114e+01    2.44678e+01

           Step           Time
          13000       13.00000

   Energies (kJ/mol)
        LJ (SR)   Coulomb (SR)      Potential    Kinetic En.   Total Energy
   -1.03582e+03    0.00000e+00   -1.03582e+03    2.20092e+02   -8.15724e+02
  Conserved En.    Temperature Pressure (bar)
   -9.46951e+02    8.20806e+01    2.72043e+01

           Step           Time
          14000       14.00000

   Energies (kJ/mol)
        LJ (SR)   Coulomb (SR)      Potential    Kinetic En.   Total Energy
   -1.04861e+03    0.00000e+00   -1.04861e+03    2.32072e+02   -8.16534e+02
  Conserved En.    Temperature Pressure (bar)
   -9.46950e+02    8.65482e+01    2.31934e+01

           Step           Time
          15000       15.00000

   Energies (kJ/mol)
        LJ (SR)   Coulomb (SR)      Potential    Kinetic En.   Total Energy
   -1.05775e+03    0.00000e+00   -1.05775e+03    2.32944e+02   -8.24804e+02
  Conserved En.    Temperature Pressure (bar)
   -9.46947e+02    8.68735e+01    2.14809e+01

           Step           Time
          16000       16.00000

   Energies (kJ/mol)
        LJ (SR)   Coulomb (SR)      Potential    Kinetic En.   Total Energy
   -1.06446e+03    0.00000e+00   -1.06446e+03    2.44613e+02   -8.19850e+02
  Conserved En.    Temperature Pressure (bar)
   -9.46955e+02    9.12255e+01    1.69252e+01

           Step           Time
          17000       17.00000

   Energies (kJ/mol)
        LJ (SR)   Coulomb (SR)      Potential    Kinetic En.   Total Energy
   -1.05844e+03    0.00000e+00   -1.05844e+03    2.49633e+02   -8.08806e+02
  Conserved En.    Temperature Pressure (bar)
   -9.46954e+02    9.30975e+01    2.21795e+01

           Step           Time
          18000       18.00000

   Energies (kJ/mol)
        LJ (SR)   Coulomb (SR)      Potential    Kinetic En.   Total Energy
   -1.04898e+03    0.00000e+00   -1.04898e+03    2.44193e+02   -8.04784e+02
  Conserved En.    Temperature Pressure (bar)
   -9.46956e+02    9.10686e+01    2.18520e+01

           Step           Time
          19000       19.00000

   Energies (kJ/mol)
        LJ (SR)   Coulomb (SR)      Potential    Kinetic En.   Total Energy
   -1.05211e+03    0.00000e+00   -1.05211e+03    2.58004e+02   -7.94107e+02
  Conserved En.    Temperature Pressure (bar)
   -9.46955e+02    9.62195e+01    2.26316e+01

           Step           Time
          20000       20.00000

   Energies (kJ/mol)
        LJ (SR)   Coulomb (SR)      Potential    Kinetic En.   Total Energy
   -1.05230e+03    0.00000e+00   -1.05230e+03    2.32989e+02   -8.19312e+02
  Conserved En.    Temperature Pressure (bar)
   -9.46956e+02    8.68903e+01    2.13823e+01

           Step           Time
          21000       21.00000

   Energies (kJ/mol)
        LJ (SR)   Coulomb (SR)      Potential    Kinetic En.   Total Energy
   -1.05523e+03    0.00000e+00   -1.05523e+03    2.17561e+02   -8.37667e+02
  Conserved En.    Temperature Pressure (bar)
   -9.46958e+02    8.11365e+01    2.24664e+01

           Step           Time
          22000       22.00000

   Energies (kJ/mol)
        LJ (SR)   Coulomb (SR)      Potential    Kinetic En.   Total Energy
   -1.06845e+03    0.00000e+00   -1.06845e+03    2.33054e+02   -8.35393e+02
  Conserved En.    Temperature Pressure (bar)
   -9.46962e+02    8.69145e+01    1.76494e+01

           Step           Time
          23000       23.00000

   Energies (kJ/mol)
        LJ (SR)   Coulomb (SR)      Potential    Kinetic En.   Total Energy
   -1.06088e+03    0.00000e+00   -1.06088e+03    2.37411e+02   -8.23469e+02
  Conserved En.    Temperature Pressure (bar)
   -9.46963e+02    8.85396e+01    1.95036e+01

           Step           Time
          24000       24.00000

   Energies (kJ/mol)
        LJ (SR)   Coulomb (SR)      Potential    Kinetic En.   Total Energy
   -1.07284e+03    0.00000e+00   -1.07284e+03    2.49058e+02   -8.23778e+02
  Conserved En.    Temperature Pressure (bar)
   -9.46973e+02    9.28830e+01    1.41470e+01

           Step           Time
          25000       25.00000

   Energies (kJ/mol)
        LJ (SR)   Coulomb (SR)      Potential    Kinetic En.   Total Energy
   -1.07217e+03    0.00000e+00   -1.07217e+03    2.40217e+02   -8.31951e+02
  Conserved En.    Temperature Pressure (bar)
   -9.46959e+02    8.95859e+01    1.43063e+01

           Step           Time
          26000       26.00000

   Energies (kJ/mol)
        LJ (SR)   Coulomb (SR)      Potential    Kinetic En.   Total Energy
   -1.07252e+03    0.00000e+00   -1.07252e+03    2.45844e+02   -8.26680e+02
  Conserved En.    Temperature Pressure (bar)
   -9.46963e+02    9.16844e+01    1.45274e+01

           Step           Time
          27000       27.00000

   Energies (kJ/mol)
        LJ (SR)   Coulomb (SR)      Potential    Kinetic En.   Total Energy
   -1.05894e+03    0.00000e+00   -1.05894e+03    2.39575e+02   -8.19366e+02
  Conserved En.    Temperature Pressure (bar)
   -9.46972e+02    8.93467e+01    1.91931e+01

           Step           Time
          28000       28.00000

   Energies (kJ/mol)
        LJ (SR)   Coulomb (SR)      Potential    Kinetic En.   Total Energy
   -1.05897e+03    0.00000e+00   -1.05897e+03    2.21745e+02   -8.37222e+02
  Conserved En.    Temperature Pressure (bar)
   -9.46967e+02    8.26970e+01    2.09307e+01

           Step           Time
          29000       29.00000

   Energies (kJ/mol)
        LJ (SR)   Coulomb (SR)      Potential    Kinetic En.   Total Energy
   -1.05085e+03    0.00000e+00   -1.05085e+03    2.36162e+02   -8.14691e+02
  Conserved En.    Temperature Pressure (bar)
   -9.46972e+02    8.80738e+01    2.22758e+01

           Step           Time
          30000       30.00000

   Energies (kJ/mol)
        LJ (SR)   Coulomb (SR)      Potential    Kinetic En.   Total Energy
   -1.06708e+03    0.00000e+00   -1.06708e+03    2.23836e+02   -8.43245e+02
  Conserved En.    Temperature Pressure (bar)
   -9.46987e+02    8.34768e+01    1.39004e+01

           Step           Time
          31000       31.00000

   Energies (kJ/mol)
        LJ (SR)   Coulomb (SR)      Potential    Kinetic En.   Total Energy
   -1.05963e+03    0.00000e+00   -1.05963e+03    2.20561e+02   -8.39068e+02
  Conserved En.    Temperature Pressure (bar)
   -9.46991e+02    8.22554e+01    1.89791e+01

           Step           Time
          32000       32.00000

   Energies (kJ/mol)
        LJ (SR)   Coulomb (SR)      Potential    Kinetic En.   Total Energy
   -1.07187e+03    0.00000e+00   -1.07187e+03    2.21738e+02   -8.50131e+02
  Conserved En.    Temperature Pressure (bar)
   -9.46990e+02    8.26945e+01    1.46942e+01

           Step           Time
          33000       33.00000

   Energies (kJ/mol)
        LJ (SR)   Coulomb (SR)      Potential    Kinetic En.   Total Energy
   -1.04933e+03    0.00000e+00   -1.04933e+03    2.18454e+02   -8.30875e+02
  Conserved En.    Temperature Pressure (bar)
   -9.46986e+02    8.14696e+01    2.20979e+01

           Step           Time
          34000       34.00000

   Energies (kJ/mol)
        LJ (SR)   Coulomb (SR)      Potential    Kinetic En.   Total Energy
   -1.06634e+03    0.00000e+00   -1.06634e+03    2.48635e+02   -8.17700e+02
  Conserved En.    Temperature Pressure (bar)
   -9.46993e+02    9.27255e+01    1.81408e+01

           Step           Time
          35000       35.00000

   Energies (kJ/mol)
        LJ (SR)   Coulomb (SR)      Potential    Kinetic En.   Total Energy
   -1.05326e+03    0.00000e+00   -1.05326e+03    2.31317e+02   -8.21941e+02
  Conserved En.    Temperature Pressure (bar)
   -9.46987e+02    8.62669e+01    2.32548e+01

           Step           Time
          36000       36.00000

   Energies (kJ/mol)
        LJ (SR)   Coulomb (SR)      Potential    Kinetic En.   Total Energy
   -1.06258e+03    0.00000e+00   -1.06258e+03    2.30159e+02   -8.32424e+02
  Conserved En.    Temperature Pressure (bar)
   -9.46989e+02    8.58348e+01    1.92611e+01

           Step           Time
          37000       37.00000

   Energies (kJ/mol)
        LJ (SR)   Coulomb (SR)      Potential    Kinetic En.   Total Energy
   -1.06092e+03    0.00000e+00   -1.06092e+03    2.35595e+02   -8.25329e+02
  Conserved En.    Temperature Pressure (bar)
   -9.46985e+02    8.78624e+01    1.91161e+01

           Step           Time
          38000       38.00000

   Energies (kJ/mol)
        LJ (SR)   Coulomb (SR)      Potential    Kinetic En.   Total Energy
   -1.06203e+03    0.00000e+00   -1.06203e+03    2.31930e+02   -8.30096e+02
  Conserved En.    Temperature Pressure (bar)
   -9.46986e+02    8.64955e+01    1.83356e+01

           Step           Time
          39000       39.00000

   Energies (kJ/mol)
        LJ (SR)   Coulomb (SR)      Potential    Kinetic En.   Total Energy
   -1.04396e+03    0.00000e+00   -1.04396e+03    2.26913e+02   -8.17047e+02
  Conserved En.    Temperature Pressure (bar)
   -9.46973e+02    8.46242e+01    2.48150e+01

           Step           Time
          40000       40.00000

   Energies (kJ/mol)
        LJ (SR)   Coulomb (SR)      Potential    Kinetic En.   Total Energy
   -1.05895e+03    0.00000e+00   -1.05895e+03    2.42018e+02   -8.16933e+02
  Conserved En.    Temperature Pressure (bar)
   -9.46967e+02    9.02576e+01    1.96851e+01

           Step           Time
          41000       41.00000

   Energies (kJ/mol)
        LJ (SR)   Coulomb (SR)      Potential    Kinetic En.   Total Energy
   -1.06136e+03    0.00000e+00   -1.06136e+03    2.21495e+02   -8.39868e+02
  Conserved En.    Temperature Pressure (bar)
   -9.46959e+02    8.26039e+01    1.70825e+01

           Step           Time
          42000       42.00000

   Energies (kJ/mol)
        LJ (SR)   Coulomb (SR)      Potential    Kinetic En.   Total Energy
   -1.06141e+03    0.00000e+00   -1.06141e+03    2.36865e+02   -8.24542e+02
  Conserved En.    Temperature Pressure (bar)
   -9.46961e+02    8.83358e+01    1.90778e+01

           Step           Time
          43000       43.00000

   Energies (kJ/mol)
        LJ (SR)   Coulomb (SR)      Potential    Kinetic En.   Total Energy
   -1.05183e+03    0.00000e+00   -1.05183e+03    2.24449e+02   -8.27382e+02
  Conserved En.    Temperature Pressure (bar)
   -9.46963e+02    8.37055e+01    2.35563e+01

           Step           Time
          44000       44.00000

   Energies (kJ/mol)
        LJ (SR)   Coulomb (SR)      Potential    Kinetic En.   Total Energy
   -1.06495e+03    0.00000e+00   -1.06495e+03    2.31359e+02   -8.33594e+02
  Conserved En.    Temperature Pressure (bar)
   -9.46965e+02    8.62824e+01    1.81527e+01

           Step           Time
          45000       45.00000

   Energies (kJ/mol)
        LJ (SR)   Coulomb (SR)      Potential    Kinetic En.   Total Energy
   -1.03879e+03    0.00000e+00   -1.03879e+03    2.39962e+02   -7.98829e+02
  Conserved En.    Temperature Pressure (bar)
   -9.46961e+02    8.94908e+01    2.88551e+01

           Step           Time
          46000       46.00000

   Energies (kJ/mol)
        LJ (SR)   Coulomb (SR)      Potential    Kinetic En.   Total Energy
   -1.03530e+03    0.00000e+00   -1.03530e+03    2.22532e+02   -8.12765e+02
  Conserved En.    Temperature Pressure (bar)
   -9.46954e+02    8.29907e+01    2.86690e+01

           Step           Time
          47000       47.00000

   Energies (kJ/mol)
        LJ (SR)   Coulomb (SR)      Potential    Kinetic En.   Total Energy
   -1.04571e+03    0.00000e+00   -1.04571e+03    2.39166e+02   -8.06548e+02
  Conserved En.    Temperature Pressure (bar)
   -9.46956e+02    8.91938e+01    2.76372e+01

           Step           Time
          48000       48.00000

   Energies (kJ/mol)
        LJ (SR)   Coulomb (SR)      Potential    Kinetic En.   Total Energy
   -1.05020e+03    0.00000e+00   -1.05020e+03    2.62715e+02   -7.87480e+02
  Conserved En.    Temperature Pressure (bar)
   -9.46958e+02    9.79764e+01    2.53670e+01

           Step           Time
          49000       49.00000

   Energies (kJ/mol)
        LJ (SR)   Coulomb (SR)      Potential    Kinetic En.   Total Energy
   -1.06318e+03    0.00000e+00   -1.06318e+03    2.59347e+02   -8.03830e+02
  Conserved En.    Temperature Pressure (bar)
   -9.46959e+02    9.67204e+01    1.83869e+01

           Step           Time
          50000       50.00000

   Energies (kJ/mol)
        LJ (SR)   Coulomb (SR)      Potential    Kinetic En.   Total Energy
   -1.07059e+03    0.00000e+00   -1.07059e+03    2.56831e+02   -8.13755e+02
  Conserved En.    Temperature Pressure (bar)
   -9.46951e+02    9.57821e+01    1.84010e+01

           Step           Time
          51000       51.00000

   Energies (kJ/mol)
        LJ (SR)   Coulomb (SR)      Potential    Kinetic En.   Total Energy
   -1.06633e+03    0.00000e+00   -1.06633e+03    2.34063e+02   -8.32265e+02
  Conserved En.    Temperature Pressure (bar)
   -9.46948e+02    8.72910e+01    1.84613e+01

           Step           Time
          52000       52.00000

   Energies (kJ/mol)
        LJ (SR)   Coulomb (SR)      Potential    Kinetic En.   Total Energy
   -1.05757e+03    0.00000e+00   -1.05757e+03    2.21309e+02   -8.36258e+02
  Conserved En.    Temperature Pressure (bar)
   -9.46952e+02    8.25345e+01    1.97880e+01

           Step           Time
          53000       53.00000

   Energies (kJ/mol)
        LJ (SR)   Coulomb (SR)      Potential    Kinetic En.   Total Energy
   -1.06613e+03    0.00000e+00   -1.06613e+03    2.35993e+02   -8.30140e+02
  Conserved En.    Temperature Pressure (bar)
   -9.46959e+02    8.80107e+01    1.65973e+01

           Step           Time
          54000       54.00000

   Energies (kJ/mol)
        LJ (SR)   Coulomb (SR)      Potential    Kinetic En.   Total Energy
   -1.04648e+03    0.00000e+00   -1.04648e+03    2.25463e+02   -8.21018e+02
  Conserved En.    Temperature Pressure (bar)
   -9.46951e+02    8.40835e+01    2.27524e+01

           Step           Time
          55000       55.00000

   Energies (kJ/mol)
        LJ (SR)   Coulomb (SR)      Potential    Kinetic En.   Total Energy
   -1.05370e+03    0.00000e+00   -1.05370e+03    2.26485e+02   -8.27216e+02
  Conserved En.    Temperature Pressure (bar)
   -9.46948e+02    8.44649e+01    2.12601e+01

           Step           Time
          56000       56.00000

   Energies (kJ/mol)
        LJ (SR)   Coulomb (SR)      Potential    Kinetic En.   Total Energy
   -1.05720e+03    0.00000e+00   -1.05720e+03    2.38549e+02   -8.18647e+02
  Conserved En.    Temperature Pressure (bar)
   -9.46960e+02    8.89639e+01    1.91531e+01

           Step           Time
          57000       57.00000

   Energies (kJ/mol)
        LJ (SR)   Coulomb (SR)      Potential    Kinetic En.   Total Energy
   -1.03147e+03    0.00000e+00   -1.03147e+03    2.25968e+02   -8.05503e+02
  Conserved En.    Temperature Pressure (bar)
   -9.46955e+02    8.42721e+01    2.71148e+01

           Step           Time
          58000       58.00000

   Energies (kJ/mol)
        LJ (SR)   Coulomb (SR)      Potential    Kinetic En.   Total Energy
   -1.05748e+03    0.00000e+00   -1.05748e+03    2.52784e+02   -8.04692e+02
  Conserved En.    Temperature Pressure (bar)
   -9.46955e+02    9.42728e+01    1.96480e+01

           Step           Time
          59000       59.00000

   Energies (kJ/mol)
        LJ (SR)   Coulomb (SR)      Potential    Kinetic En.   Total Energy
   -1.03974e+03    0.00000e+00   -1.03974e+03    2.36636e+02   -8.03099e+02
  Conserved En.    Temperature Pressure (bar)
   -9.46950e+02    8.82503e+01    2.72969e+01

           Step           Time
          60000       60.00000

   Energies (kJ/mol)
        LJ (SR)   Coulomb (SR)      Potential    Kinetic En.   Total Energy
   -1.05325e+03    0.00000e+00   -1.05325e+03    2.46592e+02   -8.06654e+02
  Conserved En.    Temperature Pressure (bar)
   -9.46954e+02    9.19633e+01    2.37105e+01

           Step           Time
          61000       61.00000

   Energies (kJ/mol)
        LJ (SR)   Coulomb (SR)      Potential    Kinetic En.   Total Energy
   -1.05107e+03    0.00000e+00   -1.05107e+03    2.48946e+02   -8.02126e+02
  Conserved En.    Temperature Pressure (bar)
   -9.46946e+02    9.28413e+01    2.50069e+01

           Step           Time
          62000       62.00000

   Energies (kJ/mol)
        LJ (SR)   Coulomb (SR)      Potential    Kinetic En.   Total Energy
   -1.07704e+03    0.00000e+00   -1.07704e+03    2.39811e+02   -8.37229e+02
  Conserved En.    Temperature Pressure (bar)
   -9.46948e+02    8.94347e+01    1.12930e+01

           Step           Time
          63000       63.00000

   Energies (kJ/mol)
        LJ (SR)   Coulomb (SR)      Potential    Kinetic En.   Total Energy
   -1.07060e+03    0.00000e+00   -1.07060e+03    2.23871e+02   -8.46734e+02
  Conserved En.    Temperature Pressure (bar)
   -9.46946e+02    8.34897e+01    1.46842e+01

           Step           Time
          64000       64.00000

   Energies (kJ/mol)
        LJ (SR)   Coulomb (SR)      Potential    Kinetic En.   Total Energy
   -1.05863e+03    0.00000e+00   -1.05863e+03    2.20429e+02   -8.38203e+02
  Conserved En.    Temperature Pressure (bar)
   -9.46942e+02    8.22062e+01    2.06251e+01

           Step           Time
          65000       65.00000

   Energies (kJ/mol)
        LJ (SR)   Coulomb (SR)      Potential    Kinetic En.   Total Energy
   -1.04858e+03    0.00000e+00   -1.04858e+03    2.27758e+02   -8.20824e+02
  Conserved En.    Temperature Pressure (bar)
   -9.46944e+02    8.49393e+01    2.21715e+01

           Step           Time
          66000       66.00000

   Energies (kJ/mol)
        LJ (SR)   Coulomb (SR)      Potential    Kinetic En.   Total Energy
   -1.04896e+03    0.00000e+00   -1.04896e+03    2.46776e+02   -8.02186e+02
  Conserved En.    Temperature Pressure (bar)
   -9.46945e+02    9.20321e+01    2.46274e+01

           Step           Time
          67000       67.00000

   Energies (kJ/mol)
        LJ (SR)   Coulomb (SR)      Potential    Kinetic En.   Total Energy
   -1.04483e+03    0.00000e+00   -1.04483e+03    2.58006e+02   -7.86820e+02
  Conserved En.    Temperature Pressure (bar)
   -9.46942e+02    9.62203e+01    2.65611e+01

           Step           Time
          68000       68.00000

   Energies (kJ/mol)
        LJ (SR)   Coulomb (SR)      Potential    Kinetic En.   Total Energy
   -1.06846e+03    0.00000e+00   -1.06846e+03    2.50349e+02   -8.18113e+02
  Conserved En.    Temperature Pressure (bar)
   -9.46947e+02    9.33646e+01    1.58637e+01

           Step           Time
          69000       69.00000

   Energies (kJ/mol)
        LJ (SR)   Coulomb (SR)      Potential    Kinetic En.   Total Energy
   -1.08005e+03    0.00000e+00   -1.08005e+03    2.35846e+02   -8.44204e+02
  Conserved En.    Temperature Pressure (bar)
   -9.46952e+02    8.79559e+01    1.38769e+01

           Step           Time
          70000       70.00000

   Energies (kJ/mol)
        LJ (SR)   Coulomb (SR)      Potential    Kinetic En.   Total Energy
   -1.07094e+03    0.00000e+00   -1.07094e+03    2.08038e+02   -8.62903e+02
  Conserved En.    Temperature Pressure (bar)
   -9.46945e+02    7.75851e+01    1.40041e+01

           Step           Time
          71000       71.00000

   Energies (kJ/mol)
        LJ (SR)   Coulomb (SR)      Potential    Kinetic En.   Total Energy
   -1.07287e+03    0.00000e+00   -1.07287e+03    2.17430e+02   -8.55436e+02
  Conserved En.    Temperature Pressure (bar)
   -9.46950e+02    8.10879e+01    1.09043e+01

           Step           Time
          72000       72.00000

   Energies (kJ/mol)
        LJ (SR)   Coulomb (SR)      Potential    Kinetic En.   Total Energy
   -1.06841e+03    0.00000e+00   -1.06841e+03    2.24554e+02   -8.43860e+02
  Conserved En.    Temperature Pressure (bar)
   -9.46955e+02    8.37445e+01    1.54944e+01

           Step           Time
          73000       73.00000

   Energies (kJ/mol)
        LJ (SR)   Coulomb (SR)      Potential    Kinetic En.   Total Energy
   -1.05846e+03    0.00000e+00   -1.05846e+03    2.26544e+02   -8.31915e+02
  Conserved En.    Temperature Pressure (bar)
   -9.46954e+02    8.44869e+01    2.09681e+01

           Step           Time
          74000       74.00000

   Energies (kJ/mol)
        LJ (SR)   Coulomb (SR)      Potential    Kinetic En.   Total Energy
   -1.08254e+03    0.00000e+00   -1.08254e+03    2.42133e+02   -8.40408e+02
  Conserved En.    Temperature Pressure (bar)
   -9.46964e+02    9.03004e+01    1.13987e+01

           Step           Time
          75000       75.00000

   Energies (kJ/mol)
        LJ (SR)   Coulomb (SR)      Potential    Kinetic En.   Total Energy
   -1.07451e+03    0.00000e+00   -1.07451e+03    2.59598e+02   -8.14915e+02
  Conserved En.    Temperature Pressure (bar)
   -9.46965e+02    9.68137e+01    1.61610e+01

           Step           Time
          76000       76.00000

   Energies (kJ/mol)
        LJ (SR)   Coulomb (SR)      Potential    Kinetic En.   Total Energy
   -1.05755e+03    0.00000e+00   -1.05755e+03    2.38412e+02   -8.19138e+02
  Conserved En.    Temperature Pressure (bar)
   -9.46962e+02    8.89127e+01    2.26175e+01

           Step           Time
          77000       77.00000

   Energies (kJ/mol)
        LJ (SR)   Coulomb (SR)      Potential    Kinetic En.   Total Energy
   -1.05540e+03    0.00000e+00   -1.05540e+03    2.53621e+02   -8.01775e+02
  Conserved En.    Temperature Pressure (bar)
   -9.46962e+02    9.45850e+01    2.08744e+01

           Step           Time
          78000       78.00000

   Energies (kJ/mol)
        LJ (SR)   Coulomb (SR)      Potential    Kinetic En.   Total Energy
   -1.05541e+03    0.00000e+00   -1.05541e+03    2.51462e+02   -8.03946e+02
  Conserved En.    Temperature Pressure (bar)
   -9.46965e+02    9.37797e+01    2.12535e+01

           Step           Time
          79000       79.00000

   Energies (kJ/mol)
        LJ (SR)   Coulomb (SR)      Potential    Kinetic En.   Total Energy
   -1.05933e+03    0.00000e+00   -1.05933e+03    2.18285e+02   -8.41044e+02
  Conserved En.    Temperature Pressure (bar)
   -9.46976e+02    8.14066e+01    1.83532e+01

           Step           Time
          80000       80.00000

   Energies (kJ/mol)
        LJ (SR)   Coulomb (SR)      Potential    Kinetic En.   Total Energy
   -1.04702e+03    0.00000e+00   -1.04702e+03    2.38996e+02   -8.08023e+02
  Conserved En.    Temperature Pressure (bar)
   -9.46988e+02    8.91306e+01    2.52800e+01

           Step           Time
          81000       81.00000

   Energies (kJ/mol)
        LJ (SR)   Coulomb (SR)      Potential    Kinetic En.   Total Energy
   -1.03416e+03    0.00000e+00   -1.03416e+03    2.49211e+02   -7.84951e+02
  Conserved En.    Temperature Pressure (bar)
   -9.46990e+02    9.29400e+01    3.02788e+01

           Step           Time
          82000       82.00000

   Energies (kJ/mol)
        LJ (SR)   Coulomb (SR)      Potential    Kinetic En.   Total Energy
   -1.04549e+03    0.00000e+00   -1.04549e+03    2.38989e+02   -8.06505e+02
  Conserved En.    Temperature Pressure (bar)
   -9.46996e+02    8.91279e+01    2.23690e+01

           Step           Time
          83000       83.00000

   Energies (kJ/mol)
        LJ (SR)   Coulomb (SR)      Potential    Kinetic En.   Total Energy
   -1.04371e+03    0.00000e+00   -1.04371e+03    2.19731e+02   -8.23978e+02
  Conserved En.    Temperature Pressure (bar)
   -9.46996e+02    8.19458e+01    2.49530e+01

           Step           Time
          84000       84.00000

   Energies (kJ/mol)
        LJ (SR)   Coulomb (SR)      Potential    Kinetic En.   Total Energy
   -1.04717e+03    0.00000e+00   -1.04717e+03    2.14640e+02   -8.32528e+02
  Conserved En.    Temperature Pressure (bar)
   -9.46985e+02    8.00472e+01    2.67387e+01

           Step           Time
          85000       85.00000

   Energies (kJ/mol)
        LJ (SR)   Coulomb (SR)      Potential    Kinetic En.   Total Energy
   -1.07083e+03    0.00000e+00   -1.07083e+03    2.28610e+02   -8.42217e+02
  Conserved En.    Temperature Pressure (bar)
   -9.46988e+02    8.52571e+01    1.54696e+01

           Step           Time
          86000       86.00000

   Energies (kJ/mol)
        LJ (SR)   Coulomb (SR)      Potential    Kinetic En.   Total Energy
   -1.07386e+03    0.00000e+00   -1.07386e+03    2.45289e+02   -8.28572e+02
  Conserved En.    Temperature Pressure (bar)
   -9.46992e+02    9.14775e+01    1.35005e+01

           Step           Time
          87000       87.00000

   Energies (kJ/mol)
        LJ (SR)   Coulomb (SR)      Potential    Kinetic En.   Total Energy
   -1.06143e+03    0.00000e+00   -1.06143e+03    2.43148e+02   -8.18278e+02
  Conserved En.    Temperature Pressure (bar)
   -9.46991e+02    9.06790e+01    2.06736e+01

           Step           Time
          88000       88.00000

   Energies (kJ/mol)
        LJ (SR)   Coulomb (SR)      Potential    Kinetic En.   Total Energy
   -1.04645e+03    0.00000e+00   -1.04645e+03    2.40375e+02   -8.06071e+02
  Conserved En.    Temperature Pressure (bar)
   -9.46992e+02    8.96450e+01    2.65634e+01

           Step           Time
          89000       89.00000

   Energies (kJ/mol)
        LJ (SR)   Coulomb (SR)      Potential    Kinetic En.   Total Energy
   -1.07102e+03    0.00000e+00   -1.07102e+03    2.56864e+02   -8.14158e+02
  Conserved En.    Temperature Pressure (bar)
   -9.46995e+02    9.57943e+01    1.59549e+01

           Step           Time
          90000       90.00000

   Energies (kJ/mol)
        LJ (SR)   Coulomb (SR)      Potential    Kinetic En.   Total Energy
   -1.04319e+03    0.00000e+00   -1.04319e+03    2.26948e+02   -8.16247e+02
  Conserved En.    Temperature Pressure (bar)
   -9.46991e+02    8.46373e+01    2.33001e+01

           Step           Time
          91000       91.00000

   Energies (kJ/mol)
        LJ (SR)   Coulomb (SR)      Potential    Kinetic En.   Total Energy
   -1.05018e+03    0.00000e+00   -1.05018e+03    2.31917e+02   -8.18258e+02
  Conserved En.    Temperature Pressure (bar)
   -9.46992e+02    8.64906e+01    2.34591e+01

           Step           Time
          92000       92.00000

   Energies (kJ/mol)
        LJ (SR)   Coulomb (SR)      Potential    Kinetic En.   Total Energy
   -1.05768e+03    0.00000e+00   -1.05768e+03    2.29285e+02   -8.28399e+02
  Conserved En.    Temperature Pressure (bar)
   -9.46993e+02    8.55089e+01    2.25202e+01

           Step           Time
          93000       93.00000

   Energies (kJ/mol)
        LJ (SR)   Coulomb (SR)      Potential    Kinetic En.   Total Energy
   -1.07270e+03    0.00000e+00   -1.07270e+03    2.17974e+02   -8.54730e+02
  Conserved En.    Temperature Pressure (bar)
   -9.46999e+02    8.12908e+01    1.28562e+01

           Step           Time
          94000       94.00000

   Energies (kJ/mol)
        LJ (SR)   Coulomb (SR)      Potential    Kinetic En.   Total Energy
   -1.06033e+03    0.00000e+00   -1.06033e+03    2.29599e+02   -8.30736e+02
  Conserved En.    Temperature Pressure (bar)
   -9.46992e+02    8.56260e+01    1.72950e+01

           Step           Time
          95000       95.00000

   Energies (kJ/mol)
        LJ (SR)   Coulomb (SR)      Potential    Kinetic En.   Total Energy
   -1.05784e+03    0.00000e+00   -1.05784e+03    2.38407e+02   -8.19430e+02
  Conserved En.    Temperature Pressure (bar)
   -9.46985e+02    8.89108e+01    2.13943e+01

           Step           Time
          96000       96.00000

   Energies (kJ/mol)
        LJ (SR)   Coulomb (SR)      Potential    Kinetic En.   Total Energy
   -1.05847e+03    0.00000e+00   -1.05847e+03    2.32082e+02   -8.26389e+02
  Conserved En.    Temperature Pressure (bar)
   -9.46999e+02    8.65521e+01    2.03261e+01

           Step           Time
          97000       97.00000

   Energies (kJ/mol)
        LJ (SR)   Coulomb (SR)      Potential    Kinetic En.   Total Energy
   -1.04386e+03    0.00000e+00   -1.04386e+03    2.47982e+02   -7.95875e+02
  Conserved En.    Temperature Pressure (bar)
   -9.47005e+02    9.24818e+01    2.54438e+01

           Step           Time
          98000       98.00000

   Energies (kJ/mol)
        LJ (SR)   Coulomb (SR)      Potential    Kinetic En.   Total Energy
   -1.05566e+03    0.00000e+00   -1.05566e+03    2.39873e+02   -8.15784e+02
  Conserved En.    Temperature Pressure (bar)
   -9.47010e+02    8.94575e+01    2.28544e+01

           Step           Time
          99000       99.00000

   Energies (kJ/mol)
        LJ (SR)   Coulomb (SR)      Potential    Kinetic En.   Total Energy
   -1.04749e+03    0.00000e+00   -1.04749e+03    2.38058e+02   -8.09435e+02
  Conserved En.    Temperature Pressure (bar)
   -9.47003e+02    8.87806e+01    2.50907e+01

           Step           Time
         100000      100.00000

Writing checkpoint, step 100000 at Wed Feb 12 15:15:41 2025


   Energies (kJ/mol)
        LJ (SR)   Coulomb (SR)      Potential    Kinetic En.   Total Energy
   -1.06119e+03    0.00000e+00   -1.06119e+03    2.34887e+02   -8.26306e+02
  Conserved En.    Temperature Pressure (bar)
   -9.46999e+02    8.75981e+01    1.71857e+01


	M E G A - F L O P S   A C C O U N T I N G

 NB=Group-cutoff nonbonded kernels    NxN=N-by-N cluster Verlet kernels
 RF=Reaction-Field  VdW=Van der Waals  QSTab=quadratic-spline table
 W3=SPC/TIP3p  W4=TIP4p (single or pairs)
 V&F=Potential and force  V=Potential only  F=Force only

 Computing:                               M-Number         M-Flops  % Flops
-----------------------------------------------------------------------------
 Pair Search distance check              66.835318         601.518     0.4
 NxN LJ [F]                            3097.187776      139373.450    98.9
 NxN LJ [V&F]                             3.131936         203.576     0.1
 Shift-X                                  0.432216           2.593     0.0
 Virial                                   0.026361           0.474     0.0
 Stop-CM                                 21.600432         216.004     0.2
 Calc-Ekin                               21.600432         583.212     0.4
-----------------------------------------------------------------------------
 Total                                                  140980.827   100.0
-----------------------------------------------------------------------------


      R E A L   C Y C L E   A N D   T I M E   A C C O U N T I N G

On 1 MPI rank, each using 12 OpenMP threads

 Activity:              Num   Num      Call    Wall time         Giga-Cycles
                        Ranks Threads  Count      (s)         total sum    %
--------------------------------------------------------------------------------
 Neighbor search           1   12       2001       0.069          1.898   2.7
 Force                     1   12     100001       0.785         21.638  31.2
 NB X/F buffer ops.        1   12     198001       0.550         15.162  21.8
 Write traj.               1   12        101       0.028          0.776   1.1
 Update                    1   12     100001       0.301          8.306  12.0
 Rest                                              0.787         21.680  31.2
--------------------------------------------------------------------------------
 Total                                             2.521         69.460 100.0
--------------------------------------------------------------------------------

               Core t (s)   Wall t (s)        (%)
       Time:       30.256        2.521     1200.0
                 (ns/day)    (hour/ns)
Performance:     3426.724        0.007
Finished mdrun on rank 0 Wed Feb 12 15:15:41 2025

